example/build/app/intermediates/manifest_merge_blame_file/release/manifest-merger-blame-release-report.txt
1<?xml version="1.0" encoding="utf-8"?>
2<manifest xmlns:android="http://schemas.android.com/apk/res/android"
3    package="com.gdelataillade.alarm.alarm_example"
4    android:versionCode="1"
5    android:versionName="0.1.2" >
6
7    <uses-sdk
8        android:minSdkVersion="18"
8-->src/main/AndroidManifest.xml
9        android:targetSdkVersion="33" />
9-->src/main/AndroidManifest.xml
10
11    <uses-permission android:name="android.permission.RECEIVE_BOOT_COMPLETED" />
11-->src/main/AndroidManifest.xml:3:4-79
11-->src/main/AndroidManifest.xml:3:21-77
12    <uses-permission android:name="android.permission.WAKE_LOCK" />
12-->src/main/AndroidManifest.xml:4:4-66
12-->src/main/AndroidManifest.xml:4:21-64
13    <!-- For apps with targetSDK=31 (Android 12) -->
14    <uses-permission android:name="android.permission.SCHEDULE_EXACT_ALARM" />
14-->src/main/AndroidManifest.xml:6:4-77
14-->src/main/AndroidManifest.xml:6:21-75
15    <uses-permission android:name="android.permission.VIBRATE" />
15-->[:alarm] AndroidManifest.xml:11:5-66
15-->[:alarm] AndroidManifest.xml:11:22-63
16    <uses-permission android:name="android.permission.USE_FULL_SCREEN_INTENT" />
16-->[:flutter_local_notifications] AndroidManifest.xml:11:5-81
16-->[:flutter_local_notifications] AndroidManifest.xml:11:22-78
17    <uses-permission android:name="android.permission.POST_NOTIFICATIONS" />
17-->[:flutter_local_notifications] AndroidManifest.xml:13:5-77
17-->[:flutter_local_notifications] AndroidManifest.xml:13:22-74
18    <uses-permission android:name="android.permission.ACCESS_NETWORK_STATE" />
18-->[com.google.android.exoplayer:exoplayer-core:2.18.1] AndroidManifest.xml:24:5-79
18-->[com.google.android.exoplayer:exoplayer-core:2.18.1] AndroidManifest.xml:24:22-76
19
20    <queries>
20-->[androidx.media2:media2-session:1.2.0] AndroidManifest.xml:24:5-34:15
21        <intent>
21-->[androidx.media2:media2-session:1.2.0] AndroidManifest.xml:25:9-27:18
22            <action android:name="android.media.browse.MediaBrowserService" />
22-->[androidx.media2:media2-session:1.2.0] AndroidManifest.xml:26:13-79
22-->[androidx.media2:media2-session:1.2.0] AndroidManifest.xml:26:21-76
23        </intent>
24        <intent>
24-->[androidx.media2:media2-session:1.2.0] AndroidManifest.xml:28:9-30:18
25            <action android:name="androidx.media2.session.MediaSessionService" />
25-->[androidx.media2:media2-session:1.2.0] AndroidManifest.xml:29:13-82
25-->[androidx.media2:media2-session:1.2.0] AndroidManifest.xml:29:21-79
26        </intent>
27        <intent>
27-->[androidx.media2:media2-session:1.2.0] AndroidManifest.xml:31:9-33:18
28            <action android:name="androidx.media2.session.MediaLibraryService" />
28-->[androidx.media2:media2-session:1.2.0] AndroidManifest.xml:32:13-82
28-->[androidx.media2:media2-session:1.2.0] AndroidManifest.xml:32:21-79
29        </intent>
30    </queries>
31
32    <permission
32-->[androidx.core:core:1.9.0] AndroidManifest.xml:22:5-24:47
33        android:name="com.gdelataillade.alarm.alarm_example.DYNAMIC_RECEIVER_NOT_EXPORTED_PERMISSION"
33-->[androidx.core:core:1.9.0] AndroidManifest.xml:23:9-81
34        android:protectionLevel="signature" />
34-->[androidx.core:core:1.9.0] AndroidManifest.xml:24:9-44
35
36    <uses-permission android:name="com.gdelataillade.alarm.alarm_example.DYNAMIC_RECEIVER_NOT_EXPORTED_PERMISSION" />
36-->[androidx.core:core:1.9.0] AndroidManifest.xml:26:5-97
36-->[androidx.core:core:1.9.0] AndroidManifest.xml:26:22-94
37
38    <application
39        android:name="io.flutter.app.FlutterMultiDexApplication"
39-->src/main/AndroidManifest.xml:9:9-42
40        android:appComponentFactory="androidx.core.app.CoreComponentFactory"
40-->[androidx.core:core:1.9.0] AndroidManifest.xml:28:18-86
41        android:icon="@mipmap/ic_launcher"
41-->src/main/AndroidManifest.xml:10:9-43
42        android:label="alarm_example" >
42-->src/main/AndroidManifest.xml:8:9-38
43        <service
43-->src/main/AndroidManifest.xml:11:9-14:39
44            android:name="dev.fluttercommunity.plus.androidalarmmanager.AlarmService"
44-->src/main/AndroidManifest.xml:12:13-86
45            android:exported="false"
45-->src/main/AndroidManifest.xml:14:13-37
46            android:permission="android.permission.BIND_JOB_SERVICE" />
46-->src/main/AndroidManifest.xml:13:13-69
47
48        <receiver
48-->src/main/AndroidManifest.xml:15:9-17:39
49            android:name="dev.fluttercommunity.plus.androidalarmmanager.AlarmBroadcastReceiver"
49-->src/main/AndroidManifest.xml:16:13-96
50            android:exported="false" />
50-->src/main/AndroidManifest.xml:17:13-37
51        <receiver
51-->src/main/AndroidManifest.xml:18:9-25:20
52            android:name="dev.fluttercommunity.plus.androidalarmmanager.RebootBroadcastReceiver"
52-->src/main/AndroidManifest.xml:19:13-97
53            android:enabled="false"
53-->src/main/AndroidManifest.xml:20:13-36
54            android:exported="false" >
54-->src/main/AndroidManifest.xml:21:13-37
55            <intent-filter>
55-->src/main/AndroidManifest.xml:22:13-24:29
56                <action android:name="android.intent.action.BOOT_COMPLETED" />
56-->src/main/AndroidManifest.xml:23:17-79
56-->src/main/AndroidManifest.xml:23:25-76
57            </intent-filter>
58        </receiver>
59
60        <activity
60-->src/main/AndroidManifest.xml:26:9-46:20
61            android:name="com.gdelataillade.alarm.alarm_example.MainActivity"
61-->src/main/AndroidManifest.xml:27:13-41
62            android:configChanges="orientation|keyboardHidden|keyboard|screenSize|smallestScreenSize|locale|layoutDirection|fontScale|screenLayout|density|uiMode"
62-->src/main/AndroidManifest.xml:31:13-163
63            android:exported="true"
63-->src/main/AndroidManifest.xml:28:13-36
64            android:hardwareAccelerated="true"
64-->src/main/AndroidManifest.xml:32:13-47
65            android:launchMode="singleTop"
65-->src/main/AndroidManifest.xml:29:13-43
66            android:theme="@style/LaunchTheme"
66-->src/main/AndroidManifest.xml:30:13-47
67            android:windowSoftInputMode="adjustResize" >
67-->src/main/AndroidManifest.xml:33:13-55
68
69            <!--
70                 Specifies an Android theme to apply to this Activity as soon as
71                 the Android process has started. This theme is visible to the user
72                 while the Flutter UI initializes. After that, this theme continues
73                 to determine the Window background behind the Flutter UI.
74            -->
75            <meta-data
75-->src/main/AndroidManifest.xml:38:13-41:17
76                android:name="io.flutter.embedding.android.NormalTheme"
76-->src/main/AndroidManifest.xml:39:15-70
77                android:resource="@style/NormalTheme" />
77-->src/main/AndroidManifest.xml:40:15-52
78
79            <intent-filter>
79-->src/main/AndroidManifest.xml:42:13-45:29
80                <action android:name="android.intent.action.MAIN" />
80-->src/main/AndroidManifest.xml:43:17-68
80-->src/main/AndroidManifest.xml:43:25-66
81
82                <category android:name="android.intent.category.LAUNCHER" />
82-->src/main/AndroidManifest.xml:44:17-76
82-->src/main/AndroidManifest.xml:44:27-74
83            </intent-filter>
84        </activity>
85        <!--
86             Don't delete the meta-data below.
87             This is used by the Flutter tool to generate GeneratedPluginRegistrant.java
88        -->
89        <meta-data
89-->src/main/AndroidManifest.xml:49:9-51:33
90            android:name="flutterEmbedding"
90-->src/main/AndroidManifest.xml:50:13-44
91            android:value="2" />
91-->src/main/AndroidManifest.xml:51:13-30
92
93        <service
93-->[:alarm] AndroidManifest.xml:16:9-19:40
94            android:name="com.gdelataillade.alarm.alarm.NotificationOnKillService"
94-->[:alarm] AndroidManifest.xml:17:13-83
95            android:enabled="true"
95-->[:alarm] AndroidManifest.xml:18:13-35
96            android:exported="false" />
96-->[:alarm] AndroidManifest.xml:19:13-37
97
98        <receiver
98-->[:flutter_local_notifications] AndroidManifest.xml:16:9-18:40
99            android:name="com.dexterous.flutterlocalnotifications.ActionBroadcastReceiver"
99-->[:flutter_local_notifications] AndroidManifest.xml:17:13-91
100            android:exported="false" />
100-->[:flutter_local_notifications] AndroidManifest.xml:18:13-37
101        <receiver
101-->[:flutter_local_notifications] AndroidManifest.xml:19:9-21:40
102            android:name="com.dexterous.flutterlocalnotifications.ScheduledNotificationReceiver"
102-->[:flutter_local_notifications] AndroidManifest.xml:20:13-97
103            android:exported="false" />
103-->[:flutter_local_notifications] AndroidManifest.xml:21:13-37
104        <receiver
104-->[:flutter_local_notifications] AndroidManifest.xml:22:9-31:20
105            android:name="com.dexterous.flutterlocalnotifications.ScheduledNotificationBootReceiver"
105-->[:flutter_local_notifications] AndroidManifest.xml:23:13-101
106            android:exported="false" >
106-->[:flutter_local_notifications] AndroidManifest.xml:24:13-37
107            <intent-filter>
107-->[:flutter_local_notifications] AndroidManifest.xml:25:13-30:29
108                <action android:name="android.intent.action.BOOT_COMPLETED" />
108-->src/main/AndroidManifest.xml:23:17-79
108-->src/main/AndroidManifest.xml:23:25-76
109                <action android:name="android.intent.action.MY_PACKAGE_REPLACED" />
109-->[:flutter_local_notifications] AndroidManifest.xml:27:17-84
109-->[:flutter_local_notifications] AndroidManifest.xml:27:25-81
110                <action android:name="android.intent.action.QUICKBOOT_POWERON" />
110-->[:flutter_local_notifications] AndroidManifest.xml:28:17-82
110-->[:flutter_local_notifications] AndroidManifest.xml:28:25-79
111                <action android:name="com.htc.intent.action.QUICKBOOT_POWERON" />
111-->[:flutter_local_notifications] AndroidManifest.xml:29:17-82
111-->[:flutter_local_notifications] AndroidManifest.xml:29:25-79
112            </intent-filter>
113        </receiver>
114
115        <uses-library
115-->[androidx.window:window:1.0.0-beta04] AndroidManifest.xml:25:9-27:40
116            android:name="androidx.window.extensions"
116-->[androidx.window:window:1.0.0-beta04] AndroidManifest.xml:26:13-54
117            android:required="false" />
117-->[androidx.window:window:1.0.0-beta04] AndroidManifest.xml:27:13-37
118        <uses-library
118-->[androidx.window:window:1.0.0-beta04] AndroidManifest.xml:28:9-30:40
119            android:name="androidx.window.sidecar"
119-->[androidx.window:window:1.0.0-beta04] AndroidManifest.xml:29:13-51
120            android:required="false" />
120-->[androidx.window:window:1.0.0-beta04] AndroidManifest.xml:30:13-37
121
122        <provider
122-->[androidx.lifecycle:lifecycle-process:2.2.0] AndroidManifest.xml:25:9-29:43
123            android:name="androidx.lifecycle.ProcessLifecycleOwnerInitializer"
123-->[androidx.lifecycle:lifecycle-process:2.2.0] AndroidManifest.xml:26:13-79
124            android:authorities="com.gdelataillade.alarm.alarm_example.lifecycle-process"
124-->[androidx.lifecycle:lifecycle-process:2.2.0] AndroidManifest.xml:27:13-69
125            android:exported="false"
125-->[androidx.lifecycle:lifecycle-process:2.2.0] AndroidManifest.xml:28:13-37
126            android:multiprocess="true" />
126-->[androidx.lifecycle:lifecycle-process:2.2.0] AndroidManifest.xml:29:13-40
127    </application>
128
129</manifest>